req_type: READ
cmd: ACT
clk:1 pending_requests:0
req_type: READ
clk:2 pending_requests:1
req_type: READ
clk:3 pending_requests:1
req_type: READ
clk:4 pending_requests:2
req_type: READ
clk:5 pending_requests:2
req_type: READ
cmd: ACT
clk:6 pending_requests:2
req_type: READ
clk:7 pending_requests:3
req_type: READ
clk:8 pending_requests:4
req_type: READ
clk:9 pending_requests:4
req_type: READ
clk:10 pending_requests:5
req_type: READ
clk:11 pending_requests:5
req_type: READ
cmd: RD
clk:12 pending_requests:6
req_type: READ
cmd: ACT
clk:13 pending_requests:6
req_type: READ
clk:14 pending_requests:7
req_type: READ
clk:15 pending_requests:7
req_type: READ
clk:16 pending_requests:8
req_type: READ
cmd: RD
clk:17 pending_requests:8
req_type: READ
cmd: ACT
clk:18 pending_requests:8
req_type: READ
clk:19 pending_requests:9
req_type: READ
clk:20 pending_requests:10
req_type: READ
cmd: RD
clk:21 pending_requests:9
req_type: READ
clk:22 pending_requests:10
req_type: READ
clk:23 pending_requests:10
req_type: READ
clk:24 pending_requests:11
req_type: READ
cmd: RD
clk:25 pending_requests:12
req_type: READ
clk:26 pending_requests:13
req_type: READ
clk:27 pending_requests:13
req_type: READ
clk:28 pending_requests:14
req_type: READ
cmd: RD
clk:29 pending_requests:14
req_type: READ
clk:30 pending_requests:15
req_type: READ
clk:31 pending_requests:16
req_type: READ
clk:32 pending_requests:17
req_type: READ
cmd: RD
clk:33 pending_requests:16
req_type: READ
clk:34 pending_requests:17
req_type: READ
clk:35 pending_requests:17
req_type: READ
cmd: PRE
clk:36 pending_requests:17
req_type: READ
cmd: ACT
clk:37 pending_requests:17
req_type: WRITE
clk:38 pending_requests:17
req_type: WRITE
clk:39 pending_requests:17
req_type: WRITE
clk:40 pending_requests:17
req_type: WRITE
clk:41 pending_requests:17
req_type: WRITE
clk:42 pending_requests:17
req_type: WRITE
clk:43 pending_requests:17
req_type: WRITE
clk:44 pending_requests:17
req_type: WRITE
clk:45 pending_requests:17
req_type: WRITE
clk:46 pending_requests:17
req_type: WRITE
cmd: ACT
clk:47 pending_requests:17
req_type: WRITE
cmd: WR
clk:48 pending_requests:17
req_type: WRITE
clk:49 pending_requests:17
req_type: WRITE
clk:50 pending_requests:17
req_type: WRITE
clk:51 pending_requests:17
req_type: WRITE
cmd: WR
clk:52 pending_requests:17
req_type: WRITE
clk:53 pending_requests:17
req_type: WRITE
clk:54 pending_requests:17
req_type: WRITE
clk:55 pending_requests:17
req_type: WRITE
cmd: WR
clk:56 pending_requests:17
req_type: WRITE
clk:57 pending_requests:17
req_type: WRITE
clk:58 pending_requests:17
req_type: WRITE
clk:59 pending_requests:17
req_type: WRITE
cmd: WR
clk:60 pending_requests:17
req_type: READ
clk:61 pending_requests:17
req_type: READ
clk:62 pending_requests:17
req_type: READ
clk:63 pending_requests:17
req_type: READ
cmd: WR
clk:64 pending_requests:17
req_type: READ
clk:65 pending_requests:17
req_type: READ
clk:66 pending_requests:17
req_type: READ
clk:67 pending_requests:17
req_type: READ
cmd: WR
clk:68 pending_requests:17
req_type: READ
clk:69 pending_requests:17
req_type: READ
clk:70 pending_requests:17
req_type: READ
clk:71 pending_requests:17
req_type: READ
cmd: WR
clk:72 pending_requests:17
req_type: READ
clk:73 pending_requests:17
req_type: READ
clk:74 pending_requests:17
req_type: READ
clk:75 pending_requests:17
req_type: READ
cmd: WR
clk:76 pending_requests:17
req_type: READ
clk:77 pending_requests:17
req_type: READ
clk:78 pending_requests:17
req_type: READ
clk:79 pending_requests:17
req_type: READ
cmd: WR
clk:80 pending_requests:17
req_type: READ
clk:81 pending_requests:17
req_type: READ
clk:82 pending_requests:17
req_type: READ
clk:83 pending_requests:17
req_type: READ
cmd: WR
clk:84 pending_requests:17
req_type: READ
clk:85 pending_requests:17
req_type: READ
clk:86 pending_requests:17
req_type: READ
clk:87 pending_requests:17
req_type: READ
cmd: WR
clk:88 pending_requests:17
req_type: READ
clk:89 pending_requests:17
req_type: READ
clk:90 pending_requests:17
req_type: READ
clk:91 pending_requests:17
req_type: READ
cmd: WR
clk:92 pending_requests:17
req_type: READ
clk:93 pending_requests:17
req_type: READ
clk:94 pending_requests:17
req_type: READ
clk:95 pending_requests:17
req_type: READ
clk:96 pending_requests:17
req_type: READ
clk:97 pending_requests:17
req_type: READ
clk:98 pending_requests:17
req_type: READ
clk:99 pending_requests:17
req_type: READ
clk:100 pending_requests:17
req_type: READ
clk:101 pending_requests:17
req_type: READ
clk:102 pending_requests:17
req_type: READ
clk:103 pending_requests:17
req_type: READ
clk:104 pending_requests:17
req_type: READ
clk:105 pending_requests:17
req_type: READ
clk:106 pending_requests:17
req_type: READ
clk:107 pending_requests:17
req_type: READ
clk:108 pending_requests:17
req_type: READ
clk:109 pending_requests:17
req_type: READ
cmd: RD
clk:110 pending_requests:16
req_type: READ
clk:111 pending_requests:16
req_type: READ
clk:112 pending_requests:16
req_type: READ
clk:113 pending_requests:16
req_type: READ
clk:114 pending_requests:16
req_type: READ
clk:115 pending_requests:16
req_type: READ
clk:116 pending_requests:16
req_type: READ
cmd: RD
clk:117 pending_requests:15
req_type: READ
clk:118 pending_requests:15
req_type: READ
cmd: PRE
clk:119 pending_requests:15
req_type: READ
clk:120 pending_requests:15
req_type: READ
clk:121 pending_requests:15
req_type: READ
cmd: RD
clk:122 pending_requests:14
req_type: READ
clk:123 pending_requests:14
req_type: READ
clk:124 pending_requests:14
req_type: READ
clk:125 pending_requests:14
req_type: READ
clk:126 pending_requests:14
req_type: READ
cmd: RD
clk:127 pending_requests:13
req_type: READ
clk:128 pending_requests:13
req_type: READ
clk:129 pending_requests:13
req_type: READ
cmd: ACT
clk:130 pending_requests:12
req_type: READ
clk:131 pending_requests:12
req_type: READ
clk:132 pending_requests:12
req_type: READ
clk:133 pending_requests:12
req_type: READ
clk:134 pending_requests:12
req_type: READ
clk:135 pending_requests:12
req_type: READ
cmd: RD
clk:136 pending_requests:11
req_type: READ
clk:137 pending_requests:11
req_type: READ
clk:138 pending_requests:11
req_type: READ
clk:139 pending_requests:11
req_type: READ
clk:140 pending_requests:11
req_type: READ
cmd: RD
clk:141 pending_requests:11
req_type: READ
clk:142 pending_requests:11
req_type: READ
clk:143 pending_requests:11
req_type: READ
clk:144 pending_requests:11
req_type: READ
clk:145 pending_requests:11
req_type: READ
clk:146 pending_requests:11
req_type: READ
clk:147 pending_requests:11
req_type: READ
cmd: RD
clk:148 pending_requests:10
req_type: READ
clk:149 pending_requests:10
req_type: READ
clk:150 pending_requests:10
req_type: READ
clk:151 pending_requests:10
req_type: READ
clk:152 pending_requests:10
req_type: READ
clk:153 pending_requests:10
req_type: READ
clk:154 pending_requests:10
req_type: READ
clk:155 pending_requests:10
req_type: READ
cmd: RD
clk:156 pending_requests:9
req_type: READ
clk:157 pending_requests:9
req_type: READ
clk:158 pending_requests:9
req_type: READ
clk:159 pending_requests:9
req_type: READ
clk:160 pending_requests:9
req_type: READ
clk:161 pending_requests:9
req_type: READ
clk:162 pending_requests:9
req_type: READ
cmd: RD
clk:163 pending_requests:8
req_type: READ
clk:164 pending_requests:8
req_type: READ
clk:165 pending_requests:8
req_type: READ
clk:166 pending_requests:8
req_type: READ
clk:167 pending_requests:8
req_type: READ
clk:168 pending_requests:8
req_type: READ
cmd: RD
clk:169 pending_requests:7
req_type: READ
clk:170 pending_requests:7
req_type: READ
clk:171 pending_requests:7
req_type: READ
clk:172 pending_requests:7
req_type: READ
clk:173 pending_requests:7
req_type: READ
cmd: RD
clk:174 pending_requests:6
req_type: READ
clk:175 pending_requests:6
req_type: READ
clk:176 pending_requests:6
req_type: READ
clk:177 pending_requests:6
req_type: READ
clk:178 pending_requests:6
req_type: READ
cmd: RD
clk:179 pending_requests:5
req_type: READ
clk:180 pending_requests:5
req_type: READ
clk:181 pending_requests:5
req_type: READ
clk:182 pending_requests:5
req_type: READ
clk:183 pending_requests:5
req_type: READ
clk:184 pending_requests:5
req_type: READ
cmd: RD
clk:185 pending_requests:4
req_type: READ
clk:186 pending_requests:4
req_type: READ
clk:187 pending_requests:4
req_type: READ
clk:188 pending_requests:4
req_type: READ
clk:189 pending_requests:4
req_type: READ
clk:190 pending_requests:4
req_type: READ
cmd: RD
clk:191 pending_requests:3
req_type: READ
clk:192 pending_requests:3
req_type: READ
clk:193 pending_requests:3
req_type: READ
clk:194 pending_requests:3
req_type: READ
cmd: RD
clk:195 pending_requests:2
req_type: READ
clk:196 pending_requests:2
req_type: READ
clk:197 pending_requests:2
req_type: READ
clk:198 pending_requests:2
req_type: READ
cmd: RD
clk:199 pending_requests:1
req_type: READ
clk:200 pending_requests:1
req_type: READ
clk:201 pending_requests:1
req_type: READ
clk:202 pending_requests:1
req_type: READ
clk:203 pending_requests:1
req_type: READ
clk:204 pending_requests:1
req_type: READ
clk:205 pending_requests:1
req_type: READ
clk:206 pending_requests:1
req_type: READ
clk:207 pending_requests:1
req_type: READ
clk:208 pending_requests:1
req_type: READ
cmd: RD
clk:209 pending_requests:0
Simulation done. Statistics written to DDR3.stats
